<?xml version="1.0" encoding="UTF-8"?>
<testng-results ignored="0" total="1" passed="1" failed="0" skipped="0">
  <reporter-output>
  </reporter-output>
  <suite started-at="2021-01-07T10:50:41Z" name="Default suite" finished-at="2021-01-07T10:51:45Z" duration-ms="64234">
    <groups>
    </groups>
    <test started-at="2021-01-07T10:50:41Z" name="Default test" finished-at="2021-01-07T10:51:45Z" duration-ms="64234">
      <class name="com.automationpractice.PurchasingItemsTests">
        <test-method signature="purchasingTest()[pri:0, instance:com.automationpractice.PurchasingItemsTests@7fc4780b]" started-at="2021-01-07T10:50:41Z" name="purchasingTest" finished-at="2021-01-07T10:51:45Z" duration-ms="64168" status="PASS">
          <reporter-output>
          </reporter-output>
        </test-method> <!-- purchasingTest -->
      </class> <!-- com.automationpractice.PurchasingItemsTests -->
    </test> <!-- Default test -->
  </suite> <!-- Default suite -->
</testng-results>
